#
# There is insufficient memory for the Java Runtime Environment to continue.
# Native memory allocation (mmap) failed to map 130023424 bytes for Failed to commit area from 0x0000000084c00000 to 0x000000008c800000 of length 130023424.
# Possible reasons:
#   The system is out of physical RAM or swap space
#   The process is running with CompressedOops enabled, and the Java Heap may be blocking the growth of the native heap
# Possible solutions:
#   Reduce memory load on the system
#   Increase physical memory or swap space
#   Check if swap backing store is full
#   Decrease Java heap size (-Xmx/-Xms)
#   Decrease number of Java threads
#   Decrease Java thread stack sizes (-Xss)
#   Set larger code cache with -XX:ReservedCodeCacheSize=
# This output file may be truncated or incomplete.
#
#  Out of Memory Error (./src/hotspot/os/windows/os_windows.cpp:3624), pid=8132, tid=14608
#
# JRE version:  (11.0.14.1+1) (build )
# Java VM: OpenJDK 64-Bit Server VM (11.0.14.1+1-b1751.46, mixed mode, sharing, tiered, compressed oops, g1 gc, windows-amd64)
# No core dump will be written. Minidumps are not enabled by default on client versions of Windows
#

---------------  S U M M A R Y ------------

Command Line: git4idea.http.GitAskPassApp Username for 'https://github.com': 

Host: Intel(R) Core(TM) i7-3770 CPU @ 3.40GHz, 8 cores, 7G,  Windows 10 , 64 bit Build 19041 (10.0.19041.1706)
Time: Sat May 21 11:36:19 2022 GMT Daylight Time elapsed time: 0.151505 seconds (0d 0h 0m 0s)

---------------  T H R E A D  ---------------

Current thread (0x0000026ee3c5f000):  JavaThread "Unknown thread" [_thread_in_vm, id=14608, stack(0x000000ed85400000,0x000000ed85500000)]

Stack: [0x000000ed85400000,0x000000ed85500000]
Native frames: (J=compiled Java code, j=interpreted, Vv=VM code, C=native code)
V  [jvm.dll+0x61601a]
V  [jvm.dll+0x79c3b0]
V  [jvm.dll+0x79d9cd]
V  [jvm.dll+0x79e0a3]
V  [jvm.dll+0x24ca38]
V  [jvm.dll+0x613074]
V  [jvm.dll+0x607d75]
V  [jvm.dll+0x30b05b]
V  [jvm.dll+0x30afca]
V  [jvm.dll+0x30aea2]
V  [jvm.dll+0x30fde6]
V  [jvm.dll+0x35b473]
V  [jvm.dll+0x35bb76]
V  [jvm.dll+0x35b573]
V  [jvm.dll+0x2e57b8]
V  [jvm.dll+0x2e6967]
V  [jvm.dll+0x779377]
V  [jvm.dll+0x77ab6c]
V  [jvm.dll+0x368a19]
V  [jvm.dll+0x75ce8e]
V  [jvm.dll+0x3d6aa3]
V  [jvm.dll+0x3d8ff1]
C  [jli.dll+0x536b]
C  [ucrtbase.dll+0x21bb2]
C  [KERNEL32.DLL+0x17034]
C  [ntdll.dll+0x52651]


---------------  P R O C E S S  ---------------

Threads class SMR info:
_java_thread_list=0x0000026ee1b03370, length=0, elements={
}

Java Threads: ( => current thread )

Other Threads:
  0x0000026ee3c77000 GCTaskThread "GC Thread#0" [stack: 0x000000ed85500000,0x000000ed85600000] [id=11516]
  0x0000026ee3ca9000 ConcurrentGCThread "G1 Main Marker" [stack: 0x000000ed85600000,0x000000ed85700000] [id=18660]
  0x0000026ee3cab000 ConcurrentGCThread "G1 Conc#0" [stack: 0x000000ed85700000,0x000000ed85800000] [id=19368]

[error occurred during error reporting (printing all threads), id 0xc0000005, EXCEPTION_ACCESS_VIOLATION (0xc0000005) at pc=0x00007ffd77ee5f37]

VM state:not at safepoint (not fully initialized)

VM Mutex/Monitor currently owned by a thread:  ([mutex/lock_event])
[0x0000026ee3c5b200] Heap_lock - owner thread: 0x0000026ee3c5f000

Heap address: 0x0000000084c00000, size: 1972 MB, Compressed Oops mode: Non-zero based: 0x0000000084c00000
Narrow klass base: 0x0000000000000000, Narrow klass shift: 0

GC Heap History (0 events):
No events

Deoptimization events (0 events):
No events

Classes redefined (0 events):
No events

Internal exceptions (0 events):
No events

Events (1 events):
Event: 0.099 Loaded shared library C:\Program Files\JetBrains\IntelliJ IDEA Community Edition 2021.3.3\jbr\bin\zip.dll


Dynamic libraries:
0x00007ff760f40000 - 0x00007ff760f4a000 	C:\Program Files\JetBrains\IntelliJ IDEA Community Edition 2021.3.3\jbr\bin\java.exe
0x00007ffdbf4d0000 - 0x00007ffdbf6c5000 	C:\WINDOWS\SYSTEM32\ntdll.dll
0x00007ffdbe2c0000 - 0x00007ffdbe37d000 	C:\WINDOWS\System32\KERNEL32.DLL
0x00007ffdbcc80000 - 0x00007ffdbcf4d000 	C:\WINDOWS\System32\KERNELBASE.dll
0x00007ffdbcf50000 - 0x00007ffdbd050000 	C:\WINDOWS\System32\ucrtbase.dll
0x00007ffd9f2c0000 - 0x00007ffd9f2d9000 	C:\Program Files\JetBrains\IntelliJ IDEA Community Edition 2021.3.3\jbr\bin\jli.dll
0x00007ffdbe530000 - 0x00007ffdbe6d0000 	C:\WINDOWS\System32\USER32.dll
0x00007ffdbd2b0000 - 0x00007ffdbd2d2000 	C:\WINDOWS\System32\win32u.dll
0x00007ffdb3380000 - 0x00007ffdb361a000 	C:\WINDOWS\WinSxS\amd64_microsoft.windows.common-controls_6595b64144ccf1df_6.0.19041.1110_none_60b5254171f9507e\COMCTL32.dll
0x00007ffdbd920000 - 0x00007ffdbd94a000 	C:\WINDOWS\System32\GDI32.dll
0x00007ffdbd520000 - 0x00007ffdbd5be000 	C:\WINDOWS\System32\msvcrt.dll
0x00007ffdbd130000 - 0x00007ffdbd23b000 	C:\WINDOWS\System32\gdi32full.dll
0x00007ffd9f1d0000 - 0x00007ffd9f1e6000 	C:\Program Files\JetBrains\IntelliJ IDEA Community Edition 2021.3.3\jbr\bin\VCRUNTIME140.dll
0x00007ffdbcbe0000 - 0x00007ffdbcc7d000 	C:\WINDOWS\System32\msvcp_win.dll
0x00007ffdbf460000 - 0x00007ffdbf490000 	C:\WINDOWS\System32\IMM32.DLL
0x00007ffd8a480000 - 0x00007ffd8a52a000 	C:\Program Files\JetBrains\IntelliJ IDEA Community Edition 2021.3.3\jbr\bin\msvcp140.dll
0x00007ffd77bf0000 - 0x00007ffd7876a000 	C:\Program Files\JetBrains\IntelliJ IDEA Community Edition 2021.3.3\jbr\bin\server\jvm.dll
0x00007ffdbde30000 - 0x00007ffdbdede000 	C:\WINDOWS\System32\ADVAPI32.dll
0x00007ffdbe7b0000 - 0x00007ffdbe84c000 	C:\WINDOWS\System32\sechost.dll
0x00007ffdbeb20000 - 0x00007ffdbec45000 	C:\WINDOWS\System32\RPCRT4.dll
0x00007ffdbdee0000 - 0x00007ffdbdee8000 	C:\WINDOWS\System32\PSAPI.DLL
0x00007ffdaaf00000 - 0x00007ffdaaf09000 	C:\WINDOWS\SYSTEM32\WSOCK32.dll
0x00007ffdb5bf0000 - 0x00007ffdb5c17000 	C:\WINDOWS\SYSTEM32\WINMM.dll
0x00007ffdae790000 - 0x00007ffdae79a000 	C:\WINDOWS\SYSTEM32\VERSION.dll
0x00007ffdbe4a0000 - 0x00007ffdbe50b000 	C:\WINDOWS\System32\WS2_32.dll
0x00007ffdbaa20000 - 0x00007ffdbaa32000 	C:\WINDOWS\SYSTEM32\kernel.appcore.dll
0x00007ffdb9e60000 - 0x00007ffdb9e71000 	C:\Program Files\JetBrains\IntelliJ IDEA Community Edition 2021.3.3\jbr\bin\verify.dll
0x00007ffdaa4f0000 - 0x00007ffdaa6d4000 	C:\WINDOWS\SYSTEM32\DBGHELP.DLL
0x00007ffdaa4c0000 - 0x00007ffdaa4ec000 	C:\WINDOWS\SYSTEM32\dbgcore.DLL
0x00007ffdbd2e0000 - 0x00007ffdbd362000 	C:\WINDOWS\System32\bcryptPrimitives.dll
0x00007ffdb2a60000 - 0x00007ffdb2a89000 	C:\Program Files\JetBrains\IntelliJ IDEA Community Edition 2021.3.3\jbr\bin\java.dll
0x00007ffdb8780000 - 0x00007ffdb878b000 	C:\Program Files\JetBrains\IntelliJ IDEA Community Edition 2021.3.3\jbr\bin\jimage.dll
0x00007ffdb7850000 - 0x00007ffdb7869000 	C:\Program Files\JetBrains\IntelliJ IDEA Community Edition 2021.3.3\jbr\bin\zip.dll

dbghelp: loaded successfully - version: 4.0.5 - missing functions: none
symbol engine: initialized successfully - sym options: 0x614 - pdb path: .;C:\Program Files\JetBrains\IntelliJ IDEA Community Edition 2021.3.3\jbr\bin;C:\WINDOWS\SYSTEM32;C:\WINDOWS\WinSxS\amd64_microsoft.windows.common-controls_6595b64144ccf1df_6.0.19041.1110_none_60b5254171f9507e;C:\Program Files\JetBrains\IntelliJ IDEA Community Edition 2021.3.3\jbr\bin\server

VM Arguments:
java_command: git4idea.http.GitAskPassApp Username for 'https://github.com': 
java_class_path (initial): C:/Program Files/JetBrains/IntelliJ IDEA Community Edition 2021.3.3/plugins/git4idea/lib/git4idea-rt.jar;C:/Program Files/JetBrains/IntelliJ IDEA Community Edition 2021.3.3/lib/3rd-party.jar;C:/Program Files/JetBrains/IntelliJ IDEA Community Edition 2021.3.3/lib/3rd-party-rt.jar
Launcher Type: SUN_STANDARD

[Global flags]
     intx CICompilerCount                          = 4                                         {product} {ergonomic}
     uint ConcGCThreads                            = 2                                         {product} {ergonomic}
     uint G1ConcRefinementThreads                  = 8                                         {product} {ergonomic}
   size_t G1HeapRegionSize                         = 1048576                                   {product} {ergonomic}
    uintx GCDrainStackTargetSize                   = 64                                        {product} {ergonomic}
   size_t InitialHeapSize                          = 130023424                                 {product} {ergonomic}
   size_t MarkStackSize                            = 4194304                                   {product} {ergonomic}
   size_t MaxHeapSize                              = 2067791872                                {product} {ergonomic}
   size_t MinHeapDeltaBytes                        = 1048576                                   {product} {ergonomic}
    uintx NonNMethodCodeHeapSize                   = 5836300                                {pd product} {ergonomic}
    uintx NonProfiledCodeHeapSize                  = 122910970                              {pd product} {ergonomic}
    uintx ProfiledCodeHeapSize                     = 122910970                              {pd product} {ergonomic}
    uintx ReservedCodeCacheSize                    = 251658240                              {pd product} {ergonomic}
     bool SegmentedCodeCache                       = true                                      {product} {ergonomic}
     bool UseCompressedClassPointers               = true                                 {lp64_product} {ergonomic}
     bool UseCompressedOops                        = true                                 {lp64_product} {ergonomic}
     bool UseG1GC                                  = true                                      {product} {ergonomic}
     bool UseLargePagesIndividualAllocation        = false                                  {pd product} {ergonomic}

Logging:
Log output configuration:
 #0: stdout all=warning uptime,level,tags
 #1: stderr all=off uptime,level,tags

Environment Variables:
JAVA_HOME=C:\Program Files\Java\jdk-17.0.2
PATH=C:\Program Files\Git\mingw64\libexec\git-core;C:\Program Files\Git\mingw64\libexec\git-core;C:\Program Files\Git\mingw64\bin;C:\Program Files\Git\usr\bin;C:\Users\Fung\bin;C:\Program Files\Common Files\Oracle\Java\javapath;C:\Python310\Scripts;C:\Python310;C:\Program Files (x86)\Intel\iCLS Client;C:\Program Files\Intel\iCLS Client;C:\ProgramData\Oracle\Java\javapath;C:\WINDOWS\system32;C:\WINDOWS;C:\WINDOWS\System32\Wbem;C:\WINDOWS\System32\WindowsPowerShell\v1.0;C:\Program Files (x86)\QuickTime\QTSystem\;C;C:\Program Files\Git\Program Files\Java\jdk1.8.0_74\bin;C:\WINDOWS\System32\OpenSSH;C:\Users\Fung\AppData\Roaming\Python\Python39\Scripts;C:\Users\Fung\AppData\Local\Programs\Python\Python39;C:\Program Files (x86)\Intel\Intel(R) Management Engine Components\DAL;C:\Program Files\Intel\Intel(R) Management Engine Components\DAL;C:\Program Files (x86)\Intel\Intel(R) Management Engine Components\IPT;C:\Program Files\Intel\Intel(R) Management Engine Components\IPT;C:\Program Files\nodejs;C:\ProgramData\chocolatey\bin;C:\Program Files (x86)\QuickTime\QTSystem;C:\Program Files\Git\cmd;C:\Program Files\Java\jdk-17.0.2\bin;C:\Program Files\apache-maven-3.8.5\bin;C:\Program Files\PostgreSQL\14\bin;C:\Users\Fung\AppData\Local\Programs\Python\Python39\Scripts;C:\Users\Fung\AppData\Local\Programs\Python\Python39;C:\Users\Fung\AppData\Local\Microsoft\WindowsApps;C:\Users\Fung\AppData\Local\Programs\Microsoft VS Code\bin;C:\Users\Fung\AppData\Roaming\npm;C:\tools\mysql\current\bin
USERNAME=Fung
DISPLAY=:0.0
LC_ALL=en_US.UTF-8
OS=Windows_NT
PROCESSOR_IDENTIFIER=Intel64 Family 6 Model 58 Stepping 9, GenuineIntel



---------------  S Y S T E M  ---------------

OS: Windows 10 , 64 bit Build 19041 (10.0.19041.1706)
OS uptime: 9 days 23:45 hours

CPU:total 8 (initial active 8) (4 cores per cpu, 2 threads per core) family 6 model 58 stepping 9 microcode 0x21, cmov, cx8, fxsr, mmx, sse, sse2, sse3, ssse3, sse4.1, sse4.2, popcnt, avx, aes, clmul, erms, ht, tsc, tscinvbit, tscinv

Memory: 4k page, system-wide physical 7884M (683M free)
TotalPageFile size 32460M (AvailPageFile size 53M)
current process WorkingSet (physical memory assigned to process): 10M, peak: 10M
current process commit charge ("private bytes"): 59M, peak: 183M

vm_info: OpenJDK 64-Bit Server VM (11.0.14.1+1-b1751.46) for windows-amd64 JRE (11.0.14.1+1-b1751.46), built on Feb 21 2022 15:19:20 by "" with MS VC++ 14.0 (VS2015)

END.
